\BOOKMARK [0][-]{chapter.1}{CP violation in the -meson system}{}% 1
\BOOKMARK [1][-]{section.1.1}{Neutral meson mixing}{chapter.1}% 2
\BOOKMARK [0][-]{chapter.2}{The LHCb experiment}{}% 3
\BOOKMARK [1][-]{section.2.1}{The LHC}{chapter.2}% 4
\BOOKMARK [1][-]{section.2.2}{The LHCb experiment}{chapter.2}% 5
\BOOKMARK [1][-]{section.2.3}{The Cerenkov mechanism}{chapter.2}% 6
\BOOKMARK [1][-]{section.2.4}{Trigger system}{chapter.2}% 7
\BOOKMARK [0][-]{chapter.3}{The LHCb experiment}{}% 8
\BOOKMARK [1][-]{section.3.1}{Energy Estimators}{chapter.3}% 9
\BOOKMARK [1][-]{section.3.2}{Energy Estimators in Particle Flow Calorimetry}{chapter.3}% 10
\BOOKMARK [0][-]{chapter.4}{Calorimeter Optimisation Studies}{}% 11
\BOOKMARK [1][-]{section.4.1}{Calorimeter Optimisation Studies}{chapter.4}% 12
\BOOKMARK [1][-]{section.4.2}{Electromagnetic Calorimeter Optimisation}{chapter.4}% 13
\BOOKMARK [2][-]{subsection.4.2.1}{ECal Transverse Granularity}{section.4.2}% 14
\BOOKMARK [2][-]{subsection.4.2.2}{ECal Longitudinal Granularity}{section.4.2}% 15
\BOOKMARK [1][-]{section.4.3}{Hadronic Calorimeter Optimsation}{chapter.4}% 16
\BOOKMARK [2][-]{subsection.4.3.1}{HCal Transverse Granularity}{section.4.3}% 17
\BOOKMARK [2][-]{subsection.4.3.2}{HCal Longitudinal Granularity}{section.4.3}% 18
\BOOKMARK [2][-]{subsection.4.3.3}{HCal Absorber Material}{section.4.3}% 19
\BOOKMARK [1][-]{section.4.4}{Global Detector Parameter Optimisation}{chapter.4}% 20
\BOOKMARK [2][-]{subsection.4.4.1}{Magnetic Field Strength}{section.4.4}% 21
\BOOKMARK [2][-]{subsection.4.4.2}{Inner ECal Radius}{section.4.4}% 22
\BOOKMARK [0][-]{appendix.A}{Pointless extras}{}% 23
\BOOKMARK [1][-]{section.A.1}{Like, duh}{appendix.A}% 24
\BOOKMARK [1][-]{section.A.2}{y = \040x2}{appendix.A}% 25
\BOOKMARK [0][-]{appendix*.16}{Bibliography}{}% 26
\BOOKMARK [0][-]{appendix*.17}{List of figures}{}% 27
\BOOKMARK [0][-]{appendix*.18}{List of tables}{}% 28
